<?xml version="1.0" encoding="UTF-8" ?>
<testsuite tests="2" failures="0" name="com.extr.file.util.Pdf2SwfTest" time="0" errors="0" skipped="0">
  <properties>
    <property name="java.runtime.name" value="Java(TM) SE Runtime Environment"/>
    <property name="sun.boot.library.path" value="H:\Program Files\Java\jre1.8.0_45\bin"/>
    <property name="java.vm.version" value="25.45-b02"/>
    <property name="java.vm.vendor" value="Oracle Corporation"/>
    <property name="maven.multiModuleProjectDirectory" value="D:\BaiduYunDownload\毕设资料\Exam++网络考试\examxx"/>
    <property name="java.vendor.url" value="http://java.oracle.com/"/>
    <property name="path.separator" value=";"/>
    <property name="guice.disable.misplaced.annotation.check" value="true"/>
    <property name="java.vm.name" value="Java HotSpot(TM) 64-Bit Server VM"/>
    <property name="file.encoding.pkg" value="sun.io"/>
    <property name="user.script" value=""/>
    <property name="user.country" value="CN"/>
    <property name="sun.java.launcher" value="SUN_STANDARD"/>
    <property name="sun.os.patch.level" value=""/>
    <property name="java.vm.specification.name" value="Java Virtual Machine Specification"/>
    <property name="user.dir" value="D:\BaiduYunDownload\毕设资料\Exam++网络考试\examxx"/>
    <property name="java.runtime.version" value="1.8.0_45-b14"/>
    <property name="java.awt.graphicsenv" value="sun.awt.Win32GraphicsEnvironment"/>
    <property name="java.endorsed.dirs" value="H:\Program Files\Java\jre1.8.0_45\lib\endorsed"/>
    <property name="os.arch" value="amd64"/>
    <property name="java.io.tmpdir" value="C:\Users\Arthur\AppData\Local\Temp\"/>
    <property name="line.separator" value="
"/>
    <property name="java.vm.specification.vendor" value="Oracle Corporation"/>
    <property name="user.variant" value=""/>
    <property name="os.name" value="Windows 7"/>
    <property name="classworlds.conf" value="I:\Workspace\eclipse\.metadata\.plugins\org.eclipse.m2e.launching\launches\m2conf146810873104756898.tmp"/>
    <property name="sun.jnu.encoding" value="GBK"/>
    <property name="java.library.path" value="H:\Program Files\Java\jre1.8.0_45\bin;C:\windows\Sun\Java\bin;C:\windows\system32;C:\windows;H:/Program Files/Java/jre1.8.0_45/bin/server;H:/Program Files/Java/jre1.8.0_45/bin;H:/Program Files/Java/jre1.8.0_45/lib/amd64;C:\Program Files (x86)\Common Files\NetSarang;C:\Program Files (x86)\NVIDIA Corporation\PhysX\Common;C:\ProgramData\Oracle\Java\javapath;C:\windows\system32;C:\windows;C:\windows\System32\Wbem;H:\Program Files\Java\jdk1.8.0_45\bin;H:\Program Files\Java\jdk1.8.0_45\jre\bin;C:\windows\System32\WindowsPowerShell\v1.0\;H:\Program Files\Git\cmd;H:\Program Files\nodejs\;H:\Program Files\wamp\bin\mysql\mysql5.6.17\bin;C:\Users\Arthur\AppData\Roaming\npm;H:\Program Files (x86)\eclipse;;."/>
    <property name="java.specification.name" value="Java Platform API Specification"/>
    <property name="java.class.version" value="52.0"/>
    <property name="sun.management.compiler" value="HotSpot 64-Bit Tiered Compilers"/>
    <property name="os.version" value="6.1"/>
    <property name="user.home" value="C:\Users\Arthur"/>
    <property name="user.timezone" value="Asia/Shanghai"/>
    <property name="java.awt.printerjob" value="sun.awt.windows.WPrinterJob"/>
    <property name="java.specification.version" value="1.8"/>
    <property name="file.encoding" value="GBK"/>
    <property name="user.name" value="Arthur"/>
    <property name="java.class.path" value="/H:/Program Files (x86)/eclipse/plugins/org.eclipse.m2e.maven.runtime_1.6.2.20150902-0001/jars/plexus-classworlds-2.5.2.jar"/>
    <property name="java.vm.specification.version" value="1.8"/>
    <property name="sun.arch.data.model" value="64"/>
    <property name="java.home" value="H:\Program Files\Java\jre1.8.0_45"/>
    <property name="sun.java.command" value="org.codehaus.plexus.classworlds.launcher.Launcher -B install"/>
    <property name="java.specification.vendor" value="Oracle Corporation"/>
    <property name="user.language" value="zh"/>
    <property name="awt.toolkit" value="sun.awt.windows.WToolkit"/>
    <property name="java.vm.info" value="mixed mode"/>
    <property name="java.version" value="1.8.0_45"/>
    <property name="java.ext.dirs" value="H:\Program Files\Java\jre1.8.0_45\lib\ext;C:\windows\Sun\Java\lib\ext"/>
    <property name="sun.boot.class.path" value="H:\Program Files\Java\jre1.8.0_45\lib\resources.jar;H:\Program Files\Java\jre1.8.0_45\lib\rt.jar;H:\Program Files\Java\jre1.8.0_45\lib\sunrsasign.jar;H:\Program Files\Java\jre1.8.0_45\lib\jsse.jar;H:\Program Files\Java\jre1.8.0_45\lib\jce.jar;H:\Program Files\Java\jre1.8.0_45\lib\charsets.jar;H:\Program Files\Java\jre1.8.0_45\lib\jfr.jar;H:\Program Files\Java\jre1.8.0_45\classes"/>
    <property name="java.vendor" value="Oracle Corporation"/>
    <property name="maven.home" value="D:\BaiduYunDownload\毕设资料\Exam++网络考试\examxx\EMBEDDED"/>
    <property name="file.separator" value="\"/>
    <property name="java.vendor.url.bug" value="http://bugreport.sun.com/bugreport/"/>
    <property name="sun.cpu.endian" value="little"/>
    <property name="sun.io.unicode.encoding" value="UnicodeLittle"/>
    <property name="sun.desktop" value="windows"/>
    <property name="sun.cpu.isalist" value="amd64"/>
  </properties>
  <testcase classname="com.extr.file.util.Pdf2SwfTest" name="convertPDF2SWFTest" time="0"/>
  <testcase classname="com.extr.file.util.Pdf2SwfTest" name="docToPdfTest" time="0"/>
</testsuite>